# JRE version: OpenJDK Runtime Environment Temurin-17.0.12+7 (17.0.12+7) (build 17.0.12+7)
# Java VM: OpenJDK 64-Bit Server VM Temurin-17.0.12+7 (17.0.12+7, mixed mode, tiered, compressed oops, compressed class ptrs, parallel gc, windows-amd64)
GC Precious Log:
 CPUs: 16 total, 16 available
 Memory: 15733M
 Large Page Support: Disabled
 NUMA Support: Disabled
 Compressed Oops: Enabled (32-bit)
 Alignments: Space 512K, Generation 512K, Heap 2M
 Heap Min Capacity: 100M
 Heap Initial Capacity: 100M
 Heap Max Capacity: 1G
 Pre-touch: Disabled
 Parallel Workers: 13
Heap:
 PSYoungGen      total 2560K, used 2363K [0x00000000eab00000, 0x00000000eaf80000, 0x0000000100000000)
  eden space 2048K, 99% used [0x00000000eab00000,0x00000000eacfed18,0x00000000ead00000)
  from space 512K, 62% used [0x00000000eaf00000,0x00000000eaf50000,0x00000000eaf80000)
  to   space 512K, 0% used [0x00000000eae80000,0x00000000eae80000,0x00000000eaf00000)
 ParOldGen       total 236544K, used 207434K [0x00000000c0000000, 0x00000000ce700000, 0x00000000eab00000)
  object space 236544K, 87% used [0x00000000c0000000,0x00000000cca92b88,0x00000000ce700000)
 Metaspace       used 93593K, committed 95168K, reserved 1179648K
  class space    used 9782K, committed 10496K, reserved 1048576K
GC Heap History (20 events):
Event: 811.316 GC heap before
{Heap before GC invocations=1274 (full 28):
 PSYoungGen      total 2560K, used 2446K [0x00000000eab00000, 0x00000000eb300000, 0x0000000100000000)
  eden space 2048K, 94% used [0x00000000eab00000,0x00000000eace4110,0x00000000ead00000)
  from space 512K, 99% used [0x00000000eaf80000,0x00000000eafff9d0,0x00000000eb000000)
  to   space 2560K, 0% used [0x00000000ead00000,0x00000000ead00000,0x00000000eaf80000)
 ParOldGen       total 236544K, used 200095K [0x00000000c0000000, 0x00000000ce700000, 0x00000000eab00000)
  object space 236544K, 84% used [0x00000000c0000000,0x00000000cc367c28,0x00000000ce700000)
 Metaspace       used 92523K, committed 94144K, reserved 1179648K
  class space    used 9643K, committed 10368K, reserved 1048576K
}
Event: 811.319 GC heap after
{Heap after GC invocations=1274 (full 28):
 PSYoungGen      total 4608K, used 2014K [0x00000000eab00000, 0x00000000eb200000, 0x0000000100000000)
  eden space 2048K, 0% used [0x00000000eab00000,0x00000000eab00000,0x00000000ead00000)
  from space 2560K, 78% used [0x00000000ead00000,0x00000000eaef79b0,0x00000000eaf80000)
  to   space 2560K, 0% used [0x00000000eaf80000,0x00000000eaf80000,0x00000000eb200000)
 ParOldGen       total 236544K, used 200615K [0x00000000c0000000, 0x00000000ce700000, 0x00000000eab00000)
  object space 236544K, 84% used [0x00000000c0000000,0x00000000cc3e9ef8,0x00000000ce700000)
 Metaspace       used 92523K, committed 94144K, reserved 1179648K
  class space    used 9643K, committed 10368K, reserved 1048576K
}
Event: 811.326 GC heap before
{Heap before GC invocations=1275 (full 28):
 PSYoungGen      total 4608K, used 4062K [0x00000000eab00000, 0x00000000eb200000, 0x0000000100000000)
  eden space 2048K, 100% used [0x00000000eab00000,0x00000000ead00000,0x00000000ead00000)
  from space 2560K, 78% used [0x00000000ead00000,0x00000000eaef79b0,0x00000000eaf80000)
  to   space 2560K, 0% used [0x00000000eaf80000,0x00000000eaf80000,0x00000000eb200000)
 ParOldGen       total 236544K, used 200615K [0x00000000c0000000, 0x00000000ce700000, 0x00000000eab00000)
  object space 236544K, 84% used [0x00000000c0000000,0x00000000cc3e9ef8,0x00000000ce700000)
 Metaspace       used 92523K, committed 94144K, reserved 1179648K
  class space    used 9643K, committed 10368K, reserved 1048576K
}
Event: 811.330 GC heap after
{Heap after GC invocations=1275 (full 28):
 PSYoungGen      total 4096K, used 1950K [0x00000000eab00000, 0x00000000eb180000, 0x0000000100000000)
  eden space 2048K, 0% used [0x00000000eab00000,0x00000000eab00000,0x00000000ead00000)
  from space 2048K, 95% used [0x00000000eaf80000,0x00000000eb1679b0,0x00000000eb180000)
  to   space 2048K, 0% used [0x00000000ead80000,0x00000000ead80000,0x00000000eaf80000)
 ParOldGen       total 236544K, used 202470K [0x00000000c0000000, 0x00000000ce700000, 0x00000000eab00000)
  object space 236544K, 85% used [0x00000000c0000000,0x00000000cc5b98a8,0x00000000ce700000)
 Metaspace       used 92523K, committed 94144K, reserved 1179648K
  class space    used 9643K, committed 10368K, reserved 1048576K
}
Event: 811.368 GC heap before
{Heap before GC invocations=1276 (full 28):
 PSYoungGen      total 4096K, used 3992K [0x00000000eab00000, 0x00000000eb180000, 0x0000000100000000)
  eden space 2048K, 99% used [0x00000000eab00000,0x00000000eacfe9b0,0x00000000ead00000)
  from space 2048K, 95% used [0x00000000eaf80000,0x00000000eb1679b0,0x00000000eb180000)
  to   space 2048K, 0% used [0x00000000ead80000,0x00000000ead80000,0x00000000eaf80000)
 ParOldGen       total 236544K, used 202470K [0x00000000c0000000, 0x00000000ce700000, 0x00000000eab00000)
  object space 236544K, 85% used [0x00000000c0000000,0x00000000cc5b98a8,0x00000000ce700000)
 Metaspace       used 92551K, committed 94144K, reserved 1179648K
  class space    used 9646K, committed 10368K, reserved 1048576K
}
Event: 811.372 GC heap after
{Heap after GC invocations=1276 (full 28):
 PSYoungGen      total 4096K, used 1632K [0x00000000eab00000, 0x00000000eb100000, 0x0000000100000000)
  eden space 2048K, 0% used [0x00000000eab00000,0x00000000eab00000,0x00000000ead00000)
  from space 2048K, 79% used [0x00000000ead80000,0x00000000eaf18000,0x00000000eaf80000)
  to   space 1536K, 0% used [0x00000000eaf80000,0x00000000eaf80000,0x00000000eb100000)
 ParOldGen       total 236544K, used 204372K [0x00000000c0000000, 0x00000000ce700000, 0x00000000eab00000)
  object space 236544K, 86% used [0x00000000c0000000,0x00000000cc795258,0x00000000ce700000)
 Metaspace       used 92551K, committed 94144K, reserved 1179648K
  class space    used 9646K, committed 10368K, reserved 1048576K
}
Event: 811.457 GC heap before
{Heap before GC invocations=1277 (full 28):
 PSYoungGen      total 4096K, used 3680K [0x00000000eab00000, 0x00000000eb100000, 0x0000000100000000)
  eden space 2048K, 100% used [0x00000000eab00000,0x00000000ead00000,0x00000000ead00000)
  from space 2048K, 79% used [0x00000000ead80000,0x00000000eaf18000,0x00000000eaf80000)
  to   space 1536K, 0% used [0x00000000eaf80000,0x00000000eaf80000,0x00000000eb100000)
 ParOldGen       total 236544K, used 204372K [0x00000000c0000000, 0x00000000ce700000, 0x00000000eab00000)
  object space 236544K, 86% used [0x00000000c0000000,0x00000000cc795258,0x00000000ce700000)
 Metaspace       used 92860K, committed 94464K, reserved 1179648K
  class space    used 9680K, committed 10432K, reserved 1048576K
}
Event: 811.461 GC heap after
{Heap after GC invocations=1277 (full 28):
 PSYoungGen      total 2560K, used 256K [0x00000000eab00000, 0x00000000eb000000, 0x0000000100000000)
  eden space 2048K, 0% used [0x00000000eab00000,0x00000000eab00000,0x00000000ead00000)
  from space 512K, 50% used [0x00000000eaf80000,0x00000000eafc0000,0x00000000eb000000)
  to   space 1024K, 0% used [0x00000000eae00000,0x00000000eae00000,0x00000000eaf00000)
 ParOldGen       total 236544K, used 205868K [0x00000000c0000000, 0x00000000ce700000, 0x00000000eab00000)
  object space 236544K, 87% used [0x00000000c0000000,0x00000000cc90b258,0x00000000ce700000)
 Metaspace       used 92860K, committed 94464K, reserved 1179648K
  class space    used 9680K, committed 10432K, reserved 1048576K
}
Event: 811.570 GC heap before
{Heap before GC invocations=1278 (full 28):
 PSYoungGen      total 2560K, used 2304K [0x00000000eab00000, 0x00000000eb000000, 0x0000000100000000)
  eden space 2048K, 100% used [0x00000000eab00000,0x00000000ead00000,0x00000000ead00000)
  from space 512K, 50% used [0x00000000eaf80000,0x00000000eafc0000,0x00000000eb000000)
  to   space 1024K, 0% used [0x00000000eae00000,0x00000000eae00000,0x00000000eaf00000)
 ParOldGen       total 236544K, used 205868K [0x00000000c0000000, 0x00000000ce700000, 0x00000000eab00000)
  object space 236544K, 87% used [0x00000000c0000000,0x00000000cc90b258,0x00000000ce700000)
 Metaspace       used 93163K, committed 94720K, reserved 1179648K
  class space    used 9717K, committed 10432K, reserved 1048576K
}
Event: 811.572 GC heap after
{Heap after GC invocations=1278 (full 28):
 PSYoungGen      total 3072K, used 349K [0x00000000eab00000, 0x00000000eb000000, 0x0000000100000000)
  eden space 2048K, 0% used [0x00000000eab00000,0x00000000eab00000,0x00000000ead00000)
  from space 1024K, 34% used [0x00000000eae00000,0x00000000eae574c8,0x00000000eaf00000)
  to   space 512K, 0% used [0x00000000eaf80000,0x00000000eaf80000,0x00000000eb000000)
 ParOldGen       total 236544K, used 205972K [0x00000000c0000000, 0x00000000ce700000, 0x00000000eab00000)
  object space 236544K, 87% used [0x00000000c0000000,0x00000000cc925258,0x00000000ce700000)
 Metaspace       used 93163K, committed 94720K, reserved 1179648K
  class space    used 9717K, committed 10432K, reserved 1048576K
}
Event: 811.608 GC heap before
{Heap before GC invocations=1279 (full 28):
 PSYoungGen      total 3072K, used 2397K [0x00000000eab00000, 0x00000000eb000000, 0x0000000100000000)
  eden space 2048K, 100% used [0x00000000eab00000,0x00000000ead00000,0x00000000ead00000)
  from space 1024K, 34% used [0x00000000eae00000,0x00000000eae574c8,0x00000000eaf00000)
  to   space 512K, 0% used [0x00000000eaf80000,0x00000000eaf80000,0x00000000eb000000)
 ParOldGen       total 236544K, used 205972K [0x00000000c0000000, 0x00000000ce700000, 0x00000000eab00000)
  object space 236544K, 87% used [0x00000000c0000000,0x00000000cc925258,0x00000000ce700000)
 Metaspace       used 93322K, committed 94912K, reserved 1179648K
  class space    used 9755K, committed 10496K, reserved 1048576K
}
Event: 811.610 GC heap after
{Heap after GC invocations=1279 (full 28):
 PSYoungGen      total 2560K, used 384K [0x00000000eab00000, 0x00000000eb000000, 0x0000000100000000)
  eden space 2048K, 0% used [0x00000000eab00000,0x00000000eab00000,0x00000000ead00000)
  from space 512K, 75% used [0x00000000eaf80000,0x00000000eafe0010,0x00000000eb000000)
  to   space 512K, 0% used [0x00000000eaf00000,0x00000000eaf00000,0x00000000eaf80000)
 ParOldGen       total 236544K, used 206148K [0x00000000c0000000, 0x00000000ce700000, 0x00000000eab00000)
  object space 236544K, 87% used [0x00000000c0000000,0x00000000cc9513c0,0x00000000ce700000)
 Metaspace       used 93322K, committed 94912K, reserved 1179648K
  class space    used 9755K, committed 10496K, reserved 1048576K
}
Event: 812.802 GC heap before
{Heap before GC invocations=1280 (full 28):
 PSYoungGen      total 2560K, used 2432K [0x00000000eab00000, 0x00000000eb000000, 0x0000000100000000)
  eden space 2048K, 100% used [0x00000000eab00000,0x00000000ead00000,0x00000000ead00000)
  from space 512K, 75% used [0x00000000eaf80000,0x00000000eafe0010,0x00000000eb000000)
  to   space 512K, 0% used [0x00000000eaf00000,0x00000000eaf00000,0x00000000eaf80000)
 ParOldGen       total 236544K, used 206148K [0x00000000c0000000, 0x00000000ce700000, 0x00000000eab00000)
  object space 236544K, 87% used [0x00000000c0000000,0x00000000cc9513c0,0x00000000ce700000)
 Metaspace       used 93539K, committed 95104K, reserved 1179648K
  class space    used 9782K, committed 10496K, reserved 1048576K
}
Event: 812.804 GC heap after
{Heap after GC invocations=1280 (full 28):
 PSYoungGen      total 2560K, used 480K [0x00000000eab00000, 0x00000000eb000000, 0x0000000100000000)
  eden space 2048K, 0% used [0x00000000eab00000,0x00000000eab00000,0x00000000ead00000)
  from space 512K, 93% used [0x00000000eaf00000,0x00000000eaf78020,0x00000000eaf80000)
  to   space 512K, 0% used [0x00000000eaf80000,0x00000000eaf80000,0x00000000eb000000)
 ParOldGen       total 236544K, used 206316K [0x00000000c0000000, 0x00000000ce700000, 0x00000000eab00000)
  object space 236544K, 87% used [0x00000000c0000000,0x00000000cc97b3c0,0x00000000ce700000)
 Metaspace       used 93539K, committed 95104K, reserved 1179648K
  class space    used 9782K, committed 10496K, reserved 1048576K
}
Event: 812.865 GC heap before
{Heap before GC invocations=1281 (full 28):
 PSYoungGen      total 2560K, used 2528K [0x00000000eab00000, 0x00000000eb000000, 0x0000000100000000)
  eden space 2048K, 100% used [0x00000000eab00000,0x00000000ead00000,0x00000000ead00000)
  from space 512K, 93% used [0x00000000eaf00000,0x00000000eaf78020,0x00000000eaf80000)
  to   space 512K, 0% used [0x00000000eaf80000,0x00000000eaf80000,0x00000000eb000000)
 ParOldGen       total 236544K, used 206316K [0x00000000c0000000, 0x00000000ce700000, 0x00000000eab00000)
  object space 236544K, 87% used [0x00000000c0000000,0x00000000cc97b3c0,0x00000000ce700000)
 Metaspace       used 93539K, committed 95104K, reserved 1179648K
  class space    used 9782K, committed 10496K, reserved 1048576K
}
Event: 812.867 GC heap after
{Heap after GC invocations=1281 (full 28):
 PSYoungGen      total 2560K, used 512K [0x00000000eab00000, 0x00000000eb000000, 0x0000000100000000)
  eden space 2048K, 0% used [0x00000000eab00000,0x00000000eab00000,0x00000000ead00000)
  from space 512K, 100% used [0x00000000eaf80000,0x00000000eb000000,0x00000000eb000000)
  to   space 1024K, 0% used [0x00000000eae00000,0x00000000eae00000,0x00000000eaf00000)
 ParOldGen       total 236544K, used 206631K [0x00000000c0000000, 0x00000000ce700000, 0x00000000eab00000)
  object space 236544K, 87% used [0x00000000c0000000,0x00000000cc9c9cf0,0x00000000ce700000)
 Metaspace       used 93539K, committed 95104K, reserved 1179648K
  class space    used 9782K, committed 10496K, reserved 1048576K
}
Event: 813.207 GC heap before
{Heap before GC invocations=1282 (full 28):
 PSYoungGen      total 2560K, used 2560K [0x00000000eab00000, 0x00000000eb000000, 0x0000000100000000)
  eden space 2048K, 100% used [0x00000000eab00000,0x00000000ead00000,0x00000000ead00000)
  from space 512K, 100% used [0x00000000eaf80000,0x00000000eb000000,0x00000000eb000000)
  to   space 1024K, 0% used [0x00000000eae00000,0x00000000eae00000,0x00000000eaf00000)
 ParOldGen       total 236544K, used 206631K [0x00000000c0000000, 0x00000000ce700000, 0x00000000eab00000)
  object space 236544K, 87% used [0x00000000c0000000,0x00000000cc9c9cf0,0x00000000ce700000)
 Metaspace       used 93539K, committed 95104K, reserved 1179648K
  class space    used 9782K, committed 10496K, reserved 1048576K
}
Event: 813.209 GC heap after
{Heap after GC invocations=1282 (full 28):
 PSYoungGen      total 3072K, used 704K [0x00000000eab00000, 0x00000000eb000000, 0x0000000100000000)
  eden space 2048K, 0% used [0x00000000eab00000,0x00000000eab00000,0x00000000ead00000)
  from space 1024K, 68% used [0x00000000eae00000,0x00000000eaeb0000,0x00000000eaf00000)
  to   space 1024K, 0% used [0x00000000eaf00000,0x00000000eaf00000,0x00000000eb000000)
 ParOldGen       total 236544K, used 207165K [0x00000000c0000000, 0x00000000ce700000, 0x00000000eab00000)
  object space 236544K, 87% used [0x00000000c0000000,0x00000000cca4f408,0x00000000ce700000)
 Metaspace       used 93539K, committed 95104K, reserved 1179648K
  class space    used 9782K, committed 10496K, reserved 1048576K
}
Event: 813.227 GC heap before
{Heap before GC invocations=1283 (full 28):
 PSYoungGen      total 3072K, used 2752K [0x00000000eab00000, 0x00000000eb000000, 0x0000000100000000)
  eden space 2048K, 100% used [0x00000000eab00000,0x00000000ead00000,0x00000000ead00000)
  from space 1024K, 68% used [0x00000000eae00000,0x00000000eaeb0000,0x00000000eaf00000)
  to   space 1024K, 0% used [0x00000000eaf00000,0x00000000eaf00000,0x00000000eb000000)
 ParOldGen       total 236544K, used 207165K [0x00000000c0000000, 0x00000000ce700000, 0x00000000eab00000)
  object space 236544K, 87% used [0x00000000c0000000,0x00000000cca4f408,0x00000000ce700000)
 Metaspace       used 93539K, committed 95104K, reserved 1179648K
  class space    used 9782K, committed 10496K, reserved 1048576K
}
Event: 813.229 GC heap after
{Heap after GC invocations=1283 (full 28):
 PSYoungGen      total 2560K, used 320K [0x00000000eab00000, 0x00000000eaf80000, 0x0000000100000000)
  eden space 2048K, 0% used [0x00000000eab00000,0x00000000eab00000,0x00000000ead00000)
  from space 512K, 62% used [0x00000000eaf00000,0x00000000eaf50000,0x00000000eaf80000)
  to   space 512K, 0% used [0x00000000eae80000,0x00000000eae80000,0x00000000eaf00000)
 ParOldGen       total 236544K, used 207434K [0x00000000c0000000, 0x00000000ce700000, 0x00000000eab00000)
  object space 236544K, 87% used [0x00000000c0000000,0x00000000cca92b88,0x00000000ce700000)
 Metaspace       used 93539K, committed 95104K, reserved 1179648K
  class space    used 9782K, committed 10496K, reserved 1048576K
}

